e:\王道\作业\学生成绩管理系统\学生成绩管理系统\debug\vc120.pdb
e:\王道\作业\学生成绩管理系统\学生成绩管理系统\debug\vc120.idb
e:\王道\作业\学生成绩管理系统\学生成绩管理系统\debug\account_add.obj
e:\王道\作业\学生成绩管理系统\学生成绩管理系统\debug\account_delete.obj
e:\王道\作业\学生成绩管理系统\学生成绩管理系统\debug\account_search.obj
e:\王道\作业\学生成绩管理系统\学生成绩管理系统\debug\account_update.obj
e:\王道\作业\学生成绩管理系统\学生成绩管理系统\debug\delete.obj
e:\王道\作业\学生成绩管理系统\学生成绩管理系统\debug\menu_stu.obj
e:\王道\作业\学生成绩管理系统\学生成绩管理系统\debug\search.obj
e:\王道\作业\学生成绩管理系统\学生成绩管理系统\debug\main.obj
e:\王道\作业\学生成绩管理系统\学生成绩管理系统\debug\menu.obj
e:\王道\作业\学生成绩管理系统\学生成绩管理系统\debug\search_menu.obj
e:\王道\作业\学生成绩管理系统\学生成绩管理系统\debug\search_name.obj
e:\王道\作业\学生成绩管理系统\学生成绩管理系统\debug\search_id.obj
e:\王道\作业\学生成绩管理系统\学生成绩管理系统\debug\search_stu_menu.obj
e:\王道\作业\学生成绩管理系统\学生成绩管理系统\debug\student_add.obj
e:\王道\作业\学生成绩管理系统\学生成绩管理系统\debug\update.obj
e:\王道\作业\学生成绩管理系统\debug\学生成绩管理系统.ilk
e:\王道\作业\学生成绩管理系统\debug\学生成绩管理系统.exe
e:\王道\作业\学生成绩管理系统\debug\学生成绩管理系统.pdb
e:\王道\作业\学生成绩管理系统\学生成绩管理系统\debug\学生成绩管理系统.tlog\cl.command.1.tlog
e:\王道\作业\学生成绩管理系统\学生成绩管理系统\debug\学生成绩管理系统.tlog\cl.read.1.tlog
e:\王道\作业\学生成绩管理系统\学生成绩管理系统\debug\学生成绩管理系统.tlog\cl.write.1.tlog
e:\王道\作业\学生成绩管理系统\学生成绩管理系统\debug\学生成绩管理系统.tlog\link.command.1.tlog
e:\王道\作业\学生成绩管理系统\学生成绩管理系统\debug\学生成绩管理系统.tlog\link.read.1.tlog
e:\王道\作业\学生成绩管理系统\学生成绩管理系统\debug\学生成绩管理系统.tlog\link.write.1.tlog
